<?xml version="1.0" encoding="UTF-8"?>
<testng-results skipped="0" failed="0" ignored="0" total="2" passed="2">
  <reporter-output>
    <line>
      <![CDATA[Element is present]]>
    </line>
    <line>
      <![CDATA[Element is present]]>
    </line>
    <line>
      <![CDATA[Element is present]]>
    </line>
    <line>
      <![CDATA[Element is present]]>
    </line>
    <line>
      <![CDATA[Element is present]]>
    </line>
    <line>
      <![CDATA[Element is present]]>
    </line>
    <line>
      <![CDATA[Element is present]]>
    </line>
    <line>
      <![CDATA[Element is present]]>
    </line>
    <line>
      <![CDATA[Element is present]]>
    </line>
    <line>
      <![CDATA[Element is present]]>
    </line>
    <line>
      <![CDATA[Details are incorrect. Please enter the details correctly]]>
    </line>
    <line>
      <![CDATA[Element is present]]>
    </line>
    <line>
      <![CDATA[Element is present]]>
    </line>
    <line>
      <![CDATA[Element is present]]>
    </line>
    <line>
      <![CDATA[Element is present]]>
    </line>
  </reporter-output>
  <suite name="Command line suite" duration-ms="230412" started-at="2018-07-04T21:21:51Z" finished-at="2018-07-04T21:25:42Z">
    <groups>
    </groups>
    <test name="Command line test" duration-ms="230412" started-at="2018-07-04T21:21:51Z" finished-at="2018-07-04T21:25:42Z">
      <class name="testScript.Test1">
        <test-method status="PASS" signature="launchBrowser()[pri:0, instance:testScript.Test1@82d64]" name="launchBrowser" is-config="true" duration-ms="5414" started-at="2018-07-04T21:21:51Z" finished-at="2018-07-04T21:21:57Z">
          <reporter-output>
          </reporter-output>
        </test-method> <!-- launchBrowser -->
        <test-method status="PASS" signature="testNESTHome()[pri:0, instance:testScript.Test1@82d64]" name="testNESTHome" duration-ms="169343" started-at="2018-07-04T21:21:57Z" finished-at="2018-07-04T21:24:46Z">
          <reporter-output>
            <line>
              <![CDATA[Element is present]]>
            </line>
            <line>
              <![CDATA[Element is present]]>
            </line>
            <line>
              <![CDATA[Element is present]]>
            </line>
            <line>
              <![CDATA[Element is present]]>
            </line>
            <line>
              <![CDATA[Element is present]]>
            </line>
            <line>
              <![CDATA[Element is present]]>
            </line>
            <line>
              <![CDATA[Element is present]]>
            </line>
            <line>
              <![CDATA[Element is present]]>
            </line>
            <line>
              <![CDATA[Element is present]]>
            </line>
            <line>
              <![CDATA[Element is present]]>
            </line>
            <line>
              <![CDATA[Details are incorrect. Please enter the details correctly]]>
            </line>
          </reporter-output>
        </test-method> <!-- testNESTHome -->
        <test-method status="PASS" signature="closeBrowser()[pri:0, instance:testScript.Test1@82d64]" name="closeBrowser" is-config="true" duration-ms="642" started-at="2018-07-04T21:24:46Z" finished-at="2018-07-04T21:24:47Z">
          <reporter-output>
          </reporter-output>
        </test-method> <!-- closeBrowser -->
      </class> <!-- testScript.Test1 -->
      <class name="testScript.Test2">
        <test-method status="PASS" signature="launchBrowser()[pri:0, instance:testScript.Test2@1fd3711]" name="launchBrowser" is-config="true" duration-ms="2608" started-at="2018-07-04T21:24:47Z" finished-at="2018-07-04T21:24:49Z">
          <reporter-output>
          </reporter-output>
        </test-method> <!-- launchBrowser -->
        <test-method status="PASS" signature="SelfEmployedSgnup()[pri:0, instance:testScript.Test2@1fd3711]" name="SelfEmployedSgnup" duration-ms="51853" started-at="2018-07-04T21:24:49Z" finished-at="2018-07-04T21:25:41Z">
          <reporter-output>
            <line>
              <![CDATA[Element is present]]>
            </line>
            <line>
              <![CDATA[Element is present]]>
            </line>
            <line>
              <![CDATA[Element is present]]>
            </line>
            <line>
              <![CDATA[Element is present]]>
            </line>
          </reporter-output>
        </test-method> <!-- SelfEmployedSgnup -->
        <test-method status="PASS" signature="closeBrowser()[pri:0, instance:testScript.Test2@1fd3711]" name="closeBrowser" is-config="true" duration-ms="528" started-at="2018-07-04T21:25:41Z" finished-at="2018-07-04T21:25:42Z">
          <reporter-output>
          </reporter-output>
        </test-method> <!-- closeBrowser -->
      </class> <!-- testScript.Test2 -->
    </test> <!-- Command line test -->
  </suite> <!-- Command line suite -->
</testng-results>
